<?xml version="1.0" encoding="UTF-8"?>
<robot generator="Robot 7.1.1 (Python 3.12.3 on linux)" generated="2024-11-26T07:00:34.994093" rpa="false" schemaversion="5">
<suite id="s1" name="01 LandingPage" source="/media/fariz/DiskD/1. Github/E2E-Mediverse/tests/01_LandingPage.robot">
<test id="s1-t1" name="Open Mediverse" line="8">
<kw name="Open Browser" owner="SeleniumLibrary">
<msg time="2024-11-26T07:00:35.122819" level="INFO">Opening browser 'chrome' to base url 'https://mediverse.id/'.</msg>
<arg>${URL}</arg>
<arg>${BROWSER}</arg>
<doc>Opens a new browser instance to the optional ``url``.</doc>
<status status="PASS" start="2024-11-26T07:00:35.122493" elapsed="4.874673"/>
</kw>
<kw name="Close Browser" owner="SeleniumLibrary">
<doc>Closes the current browser.</doc>
<status status="PASS" start="2024-11-26T07:00:39.997885" elapsed="0.157104"/>
</kw>
<status status="PASS" start="2024-11-26T07:00:35.121484" elapsed="5.034532"/>
</test>
<test id="s1-t2" name="Open Home" line="16">
<kw name="Open Browser" owner="SeleniumLibrary">
<msg time="2024-11-26T07:00:40.158508" level="INFO">Opening browser 'chrome' to base url 'https://mediverse.id/#home-slider'.</msg>
<arg>https://mediverse.id/#home-slider</arg>
<arg>${BROWSER}</arg>
<doc>Opens a new browser instance to the optional ``url``.</doc>
<status status="PASS" start="2024-11-26T07:00:40.158001" elapsed="1.499075"/>
</kw>
<kw name="Close Browser" owner="SeleniumLibrary">
<doc>Closes the current browser.</doc>
<status status="PASS" start="2024-11-26T07:00:41.657344" elapsed="0.077286"/>
</kw>
<status status="PASS" start="2024-11-26T07:00:40.157365" elapsed="1.579645"/>
</test>
<test id="s1-t3" name="Open Product" line="20">
<kw name="Open Browser" owner="SeleniumLibrary">
<msg time="2024-11-26T07:00:41.747809" level="INFO">Opening browser 'chrome' to base url 'https://mediverse.id/#our-product'.</msg>
<arg>https://mediverse.id/#our-product</arg>
<arg>${BROWSER}</arg>
<doc>Opens a new browser instance to the optional ``url``.</doc>
<status status="PASS" start="2024-11-26T07:00:41.747135" elapsed="1.595761"/>
</kw>
<kw name="Close Browser" owner="SeleniumLibrary">
<doc>Closes the current browser.</doc>
<status status="PASS" start="2024-11-26T07:00:43.343223" elapsed="0.074847"/>
</kw>
<status status="PASS" start="2024-11-26T07:00:41.744081" elapsed="1.674331"/>
</test>
<test id="s1-t4" name="Open Mitra" line="24">
<kw name="Open Browser" owner="SeleniumLibrary">
<msg time="2024-11-26T07:00:43.422973" level="INFO">Opening browser 'chrome' to base url 'https://mediverse.id/#partnership'.</msg>
<arg>https://mediverse.id/#partnership</arg>
<arg>${BROWSER}</arg>
<doc>Opens a new browser instance to the optional ``url``.</doc>
<status status="PASS" start="2024-11-26T07:00:43.422365" elapsed="4.757047"/>
</kw>
<kw name="Close Browser" owner="SeleniumLibrary">
<doc>Closes the current browser.</doc>
<status status="PASS" start="2024-11-26T07:00:48.179891" elapsed="0.142418"/>
</kw>
<status status="PASS" start="2024-11-26T07:00:43.420484" elapsed="4.902902"/>
</test>
<test id="s1-t5" name="Open Blog" line="28">
<kw name="Open Browser" owner="SeleniumLibrary">
<msg time="2024-11-26T07:00:48.325805" level="INFO">Opening browser 'chrome' to base url 'https://mediverse.id/#news'.</msg>
<arg>https://mediverse.id/#news</arg>
<arg>${BROWSER}</arg>
<doc>Opens a new browser instance to the optional ``url``.</doc>
<status status="PASS" start="2024-11-26T07:00:48.325323" elapsed="1.456624"/>
</kw>
<kw name="Close Browser" owner="SeleniumLibrary">
<doc>Closes the current browser.</doc>
<status status="PASS" start="2024-11-26T07:00:49.782261" elapsed="0.110462"/>
</kw>
<status status="PASS" start="2024-11-26T07:00:48.324333" elapsed="1.568743"/>
</test>
<test id="s1-t6" name="Open Promo" line="32">
<kw name="Open Browser" owner="SeleniumLibrary">
<msg time="2024-11-26T07:00:49.894551" level="INFO">Opening browser 'chrome' to base url 'https://mediverse.id/#promotion'.</msg>
<arg>https://mediverse.id/#promotion</arg>
<arg>${BROWSER}</arg>
<doc>Opens a new browser instance to the optional ``url``.</doc>
<status status="PASS" start="2024-11-26T07:00:49.894253" elapsed="1.416433"/>
</kw>
<kw name="Close Browser" owner="SeleniumLibrary">
<doc>Closes the current browser.</doc>
<status status="PASS" start="2024-11-26T07:00:51.311042" elapsed="0.080752"/>
</kw>
<status status="PASS" start="2024-11-26T07:00:49.893613" elapsed="1.498834"/>
</test>
<test id="s1-t7" name="Open Tentang Kami" line="36">
<kw name="Open Browser" owner="SeleniumLibrary">
<msg time="2024-11-26T07:00:51.393770" level="INFO">Opening browser 'chrome' to base url 'https://mediverse.id/#about-us'.</msg>
<arg>https://mediverse.id/#about-us</arg>
<arg>${BROWSER}</arg>
<doc>Opens a new browser instance to the optional ``url``.</doc>
<status status="PASS" start="2024-11-26T07:00:51.393398" elapsed="1.427527"/>
</kw>
<kw name="Close Browser" owner="SeleniumLibrary">
<doc>Closes the current browser.</doc>
<status status="PASS" start="2024-11-26T07:00:52.821952" elapsed="0.090986"/>
</kw>
<status status="PASS" start="2024-11-26T07:00:51.392870" elapsed="1.520351"/>
</test>
<status status="PASS" start="2024-11-26T07:00:34.995221" elapsed="17.919088"/>
</suite>
<statistics>
<total>
<stat pass="7" fail="0" skip="0">All Tests</stat>
</total>
<tag>
</tag>
<suite>
<stat pass="7" fail="0" skip="0" id="s1" name="01 LandingPage">01 LandingPage</stat>
</suite>
</statistics>
<errors>
</errors>
</robot>
